0 info it worked if it ends with ok
1 verbose cli [ 'C:\\Program Files\\nodejs\\node.exe',
1 verbose cli   'C:\\Program Files\\nodejs\\node_modules\\npm\\bin\\npm-cli.js',
1 verbose cli   'restart' ]
2 info using npm@3.10.10
3 info using node@v7.2.1
4 verbose run-script [ 'prerestart',
4 verbose run-script   'prestop',
4 verbose run-script   'stop',
4 verbose run-script   'poststop',
4 verbose run-script   'restart',
4 verbose run-script   'prestart',
4 verbose run-script   'start',
4 verbose run-script   'poststart',
4 verbose run-script   'postrestart' ]
5 info lifecycle angular-quickstart@1.0.0~prerestart: angular-quickstart@1.0.0
6 silly lifecycle angular-quickstart@1.0.0~prerestart: no script for prerestart, continuing
7 info lifecycle angular-quickstart@1.0.0~prestop: angular-quickstart@1.0.0
8 silly lifecycle angular-quickstart@1.0.0~prestop: no script for prestop, continuing
9 info lifecycle angular-quickstart@1.0.0~stop: angular-quickstart@1.0.0
10 silly lifecycle angular-quickstart@1.0.0~stop: no script for stop, continuing
11 info lifecycle angular-quickstart@1.0.0~poststop: angular-quickstart@1.0.0
12 silly lifecycle angular-quickstart@1.0.0~poststop: no script for poststop, continuing
13 info lifecycle angular-quickstart@1.0.0~restart: angular-quickstart@1.0.0
14 silly lifecycle angular-quickstart@1.0.0~restart: no script for restart, continuing
15 info lifecycle angular-quickstart@1.0.0~prestart: angular-quickstart@1.0.0
16 verbose lifecycle angular-quickstart@1.0.0~prestart: unsafe-perm in lifecycle true
17 verbose lifecycle angular-quickstart@1.0.0~prestart: PATH: C:\Program Files\nodejs\node_modules\npm\bin\node-gyp-bin;C:\Users\RND1\WebPOS\WebPOS-ui\node_modules\.bin;C:\Users\RND1\AppData\Roaming\npm;C:\Program Files\nodejs\;C:\Windows\system32;C:\Windows;C:\Windows\System32\Wbem;C:\Windows\System32\WindowsPowerShell\v1.0\;C:\Program Files (x86)\Windows Kits\8.1\Windows Performance Toolkit\;C:\Program Files\Microsoft SQL Server\110\Tools\Binn\;C:\Program Files (x86)\Microsoft SDKs\TypeScript\1.0\;C:\Program Files\Microsoft SQL Server\120\Tools\Binn\;C:\Program Files\nodejs\;c:\Program Files (x86)\Microsoft SQL Server\100\Tools\Binn\;c:\Program Files\Microsoft SQL Server\100\Tools\Binn\;c:\Program Files\Microsoft SQL Server\100\DTS\Binn\;c:\Program Files (x86)\Microsoft SQL Server\100\Tools\Binn\VSShell\Common7\IDE\;c:\Program Files (x86)\Microsoft SQL Server\100\DTS\Binn\;C:\Program Files\Git\cmd;;C:\Program Files (x86)\Microsoft VS Code\bin;C:\Users\RND1\AppData\Roaming\npm
18 verbose lifecycle angular-quickstart@1.0.0~prestart: CWD: C:\Users\RND1\WebPOS\WebPOS-ui
19 silly lifecycle angular-quickstart@1.0.0~prestart: Args: [ '/d /s /c', 'npm run build' ]
20 silly lifecycle angular-quickstart@1.0.0~prestart: Returned: code: 1  signal: null
21 info lifecycle angular-quickstart@1.0.0~prestart: Failed to exec prestart script
22 verbose stack Error: angular-quickstart@1.0.0 prestart: `npm run build`
22 verbose stack Exit status 1
22 verbose stack     at EventEmitter.<anonymous> (C:\Program Files\nodejs\node_modules\npm\lib\utils\lifecycle.js:255:16)
22 verbose stack     at emitTwo (events.js:106:13)
22 verbose stack     at EventEmitter.emit (events.js:191:7)
22 verbose stack     at ChildProcess.<anonymous> (C:\Program Files\nodejs\node_modules\npm\lib\utils\spawn.js:40:14)
22 verbose stack     at emitTwo (events.js:106:13)
22 verbose stack     at ChildProcess.emit (events.js:191:7)
22 verbose stack     at maybeClose (internal/child_process.js:885:16)
22 verbose stack     at Process.ChildProcess._handle.onexit (internal/child_process.js:226:5)
23 verbose pkgid angular-quickstart@1.0.0
24 verbose cwd C:\Users\RND1\WebPOS\WebPOS-ui
25 error Windows_NT 6.1.7601
26 error argv "C:\\Program Files\\nodejs\\node.exe" "C:\\Program Files\\nodejs\\node_modules\\npm\\bin\\npm-cli.js" "restart"
27 error node v7.2.1
28 error npm  v3.10.10
29 error code ELIFECYCLE
30 error angular-quickstart@1.0.0 prestart: `npm run build`
30 error Exit status 1
31 error Failed at the angular-quickstart@1.0.0 prestart script 'npm run build'.
31 error Make sure you have the latest version of node.js and npm installed.
31 error If you do, this is most likely a problem with the angular-quickstart package,
31 error not with npm itself.
31 error Tell the author that this fails on your system:
31 error     npm run build
31 error You can get information on how to open an issue for this project with:
31 error     npm bugs angular-quickstart
31 error Or if that isn't available, you can get their info via:
31 error     npm owner ls angular-quickstart
31 error There is likely additional logging output above.
32 verbose exit [ 1, true ]
